[
  {
    "id": 204574814,
    "node_id": "MDEwOlJlcG9zaXRvcnkyMDQ1NzQ4MTQ=",
    "name": "config-repo",
    "full_name": "jlatsko/config-repo",
    "private": false,
    "owner": {
      "login": "jlatsko",
      "id": 16815301,
      "node_id": "MDQ6VXNlcjE2ODE1MzAx",
      "avatar_url": "https://avatars2.githubusercontent.com/u/16815301?v=4",
      "gravatar_id": "",
      "url": "https://api.github.com/users/jlatsko",
      "html_url": "https://github.com/jlatsko",
      "followers_url": "https://api.github.com/users/jlatsko/followers",
      "following_url": "https://api.github.com/users/jlatsko/following{/other_user}",
      "gists_url": "https://api.github.com/users/jlatsko/gists{/gist_id}",
      "starred_url": "https://api.github.com/users/jlatsko/starred{/owner}{/repo}",
      "subscriptions_url": "https://api.github.com/users/jlatsko/subscriptions",
      "organizations_url": "https://api.github.com/users/jlatsko/orgs",
      "repos_url": "https://api.github.com/users/jlatsko/repos",
      "events_url": "https://api.github.com/users/jlatsko/events{/privacy}",
      "received_events_url": "https://api.github.com/users/jlatsko/received_events",
      "type": "User",
      "site_admin": false
    },
    "html_url": "https://github.com/jlatsko/config-repo",
    "description": null,
    "fork": true,
    "url": "https://api.github.com/repos/jlatsko/config-repo",
    "forks_url": "https://api.github.com/repos/jlatsko/config-repo/forks",
    "keys_url": "https://api.github.com/repos/jlatsko/config-repo/keys{/key_id}",
    "collaborators_url": "https://api.github.com/repos/jlatsko/config-repo/collaborators{/collaborator}",
    "teams_url": "https://api.github.com/repos/jlatsko/config-repo/teams",
    "hooks_url": "https://api.github.com/repos/jlatsko/config-repo/hooks",
    "issue_events_url": "https://api.github.com/repos/jlatsko/config-repo/issues/events{/number}",
    "events_url": "https://api.github.com/repos/jlatsko/config-repo/events",
    "assignees_url": "https://api.github.com/repos/jlatsko/config-repo/assignees{/user}",
    "branches_url": "https://api.github.com/repos/jlatsko/config-repo/branches{/branch}",
    "tags_url": "https://api.github.com/repos/jlatsko/config-repo/tags",
    "blobs_url": "https://api.github.com/repos/jlatsko/config-repo/git/blobs{/sha}",
    "git_tags_url": "https://api.github.com/repos/jlatsko/config-repo/git/tags{/sha}",
    "git_refs_url": "https://api.github.com/repos/jlatsko/config-repo/git/refs{/sha}",
    "trees_url": "https://api.github.com/repos/jlatsko/config-repo/git/trees{/sha}",
    "statuses_url": "https://api.github.com/repos/jlatsko/config-repo/statuses/{sha}",
    "languages_url": "https://api.github.com/repos/jlatsko/config-repo/languages",
    "stargazers_url": "https://api.github.com/repos/jlatsko/config-repo/stargazers",
    "contributors_url": "https://api.github.com/repos/jlatsko/config-repo/contributors",
    "subscribers_url": "https://api.github.com/repos/jlatsko/config-repo/subscribers",
    "subscription_url": "https://api.github.com/repos/jlatsko/config-repo/subscription",
    "commits_url": "https://api.github.com/repos/jlatsko/config-repo/commits{/sha}",
    "git_commits_url": "https://api.github.com/repos/jlatsko/config-repo/git/commits{/sha}",
    "comments_url": "https://api.github.com/repos/jlatsko/config-repo/comments{/number}",
    "issue_comment_url": "https://api.github.com/repos/jlatsko/config-repo/issues/comments{/number}",
    "contents_url": "https://api.github.com/repos/jlatsko/config-repo/contents/{+path}",
    "compare_url": "https://api.github.com/repos/jlatsko/config-repo/compare/{base}...{head}",
    "merges_url": "https://api.github.com/repos/jlatsko/config-repo/merges",
    "archive_url": "https://api.github.com/repos/jlatsko/config-repo/{archive_format}{/ref}",
    "downloads_url": "https://api.github.com/repos/jlatsko/config-repo/downloads",
    "issues_url": "https://api.github.com/repos/jlatsko/config-repo/issues{/number}",
    "pulls_url": "https://api.github.com/repos/jlatsko/config-repo/pulls{/number}",
    "milestones_url": "https://api.github.com/repos/jlatsko/config-repo/milestones{/number}",
    "notifications_url": "https://api.github.com/repos/jlatsko/config-repo/notifications{?since,all,participating}",
    "labels_url": "https://api.github.com/repos/jlatsko/config-repo/labels{/name}",
    "releases_url": "https://api.github.com/repos/jlatsko/config-repo/releases{/id}",
    "deployments_url": "https://api.github.com/repos/jlatsko/config-repo/deployments",
    "created_at": "2019-08-26T22:49:35Z",
    "updated_at": "2019-08-26T22:49:37Z",
    "pushed_at": "2018-04-11T10:25:50Z",
    "git_url": "git://github.com/jlatsko/config-repo.git",
    "ssh_url": "git@github.com:jlatsko/config-repo.git",
    "clone_url": "https://github.com/jlatsko/config-repo.git",
    "svn_url": "https://github.com/jlatsko/config-repo",
    "homepage": null,
    "size": 43,
    "stargazers_count": 0,
    "watchers_count": 0,
    "language": null,
    "has_issues": false,
    "has_projects": true,
    "has_downloads": true,
    "has_wiki": true,
    "has_pages": false,
    "forks_count": 0,
    "mirror_url": null,
    "archived": false,
    "disabled": false,
    "open_issues_count": 0,
    "license": null,
    "forks": 0,
    "open_issues": 0,
    "watchers": 0,
    "default_branch": "master",
    "permissions": {
      "admin": true,
      "push": true,
      "pull": true
    }
  },
  {
    "id": 83163054,
    "node_id": "MDEwOlJlcG9zaXRvcnk4MzE2MzA1NA==",
    "name": "cot-hibernate",
    "full_name": "jlatsko/cot-hibernate",
    "private": false,
    "owner": {
      "login": "jlatsko",
      "id": 16815301,
      "node_id": "MDQ6VXNlcjE2ODE1MzAx",
      "avatar_url": "https://avatars2.githubusercontent.com/u/16815301?v=4",
      "gravatar_id": "",
      "url": "https://api.github.com/users/jlatsko",
      "html_url": "https://github.com/jlatsko",
      "followers_url": "https://api.github.com/users/jlatsko/followers",
      "following_url": "https://api.github.com/users/jlatsko/following{/other_user}",
      "gists_url": "https://api.github.com/users/jlatsko/gists{/gist_id}",
      "starred_url": "https://api.github.com/users/jlatsko/starred{/owner}{/repo}",
      "subscriptions_url": "https://api.github.com/users/jlatsko/subscriptions",
      "organizations_url": "https://api.github.com/users/jlatsko/orgs",
      "repos_url": "https://api.github.com/users/jlatsko/repos",
      "events_url": "https://api.github.com/users/jlatsko/events{/privacy}",
      "received_events_url": "https://api.github.com/users/jlatsko/received_events",
      "type": "User",
      "site_admin": false
    },
    "html_url": "https://github.com/jlatsko/cot-hibernate",
    "description": null,
    "fork": false,
    "url": "https://api.github.com/repos/jlatsko/cot-hibernate",
    "forks_url": "https://api.github.com/repos/jlatsko/cot-hibernate/forks",
    "keys_url": "https://api.github.com/repos/jlatsko/cot-hibernate/keys{/key_id}",
    "collaborators_url": "https://api.github.com/repos/jlatsko/cot-hibernate/collaborators{/collaborator}",
    "teams_url": "https://api.github.com/repos/jlatsko/cot-hibernate/teams",
    "hooks_url": "https://api.github.com/repos/jlatsko/cot-hibernate/hooks",
    "issue_events_url": "https://api.github.com/repos/jlatsko/cot-hibernate/issues/events{/number}",
    "events_url": "https://api.github.com/repos/jlatsko/cot-hibernate/events",
    "assignees_url": "https://api.github.com/repos/jlatsko/cot-hibernate/assignees{/user}",
    "branches_url": "https://api.github.com/repos/jlatsko/cot-hibernate/branches{/branch}",
    "tags_url": "https://api.github.com/repos/jlatsko/cot-hibernate/tags",
    "blobs_url": "https://api.github.com/repos/jlatsko/cot-hibernate/git/blobs{/sha}",
    "git_tags_url": "https://api.github.com/repos/jlatsko/cot-hibernate/git/tags{/sha}",
    "git_refs_url": "https://api.github.com/repos/jlatsko/cot-hibernate/git/refs{/sha}",
    "trees_url": "https://api.github.com/repos/jlatsko/cot-hibernate/git/trees{/sha}",
    "statuses_url": "https://api.github.com/repos/jlatsko/cot-hibernate/statuses/{sha}",
    "languages_url": "https://api.github.com/repos/jlatsko/cot-hibernate/languages",
    "stargazers_url": "https://api.github.com/repos/jlatsko/cot-hibernate/stargazers",
    "contributors_url": "https://api.github.com/repos/jlatsko/cot-hibernate/contributors",
    "subscribers_url": "https://api.github.com/repos/jlatsko/cot-hibernate/subscribers",
    "subscription_url": "https://api.github.com/repos/jlatsko/cot-hibernate/subscription",
    "commits_url": "https://api.github.com/repos/jlatsko/cot-hibernate/commits{/sha}",
    "git_commits_url": "https://api.github.com/repos/jlatsko/cot-hibernate/git/commits{/sha}",
    "comments_url": "https://api.github.com/repos/jlatsko/cot-hibernate/comments{/number}",
    "issue_comment_url": "https://api.github.com/repos/jlatsko/cot-hibernate/issues/comments{/number}",
    "contents_url": "https://api.github.com/repos/jlatsko/cot-hibernate/contents/{+path}",
    "compare_url": "https://api.github.com/repos/jlatsko/cot-hibernate/compare/{base}...{head}",
    "merges_url": "https://api.github.com/repos/jlatsko/cot-hibernate/merges",
    "archive_url": "https://api.github.com/repos/jlatsko/cot-hibernate/{archive_format}{/ref}",
    "downloads_url": "https://api.github.com/repos/jlatsko/cot-hibernate/downloads",
    "issues_url": "https://api.github.com/repos/jlatsko/cot-hibernate/issues{/number}",
    "pulls_url": "https://api.github.com/repos/jlatsko/cot-hibernate/pulls{/number}",
    "milestones_url": "https://api.github.com/repos/jlatsko/cot-hibernate/milestones{/number}",
    "notifications_url": "https://api.github.com/repos/jlatsko/cot-hibernate/notifications{?since,all,participating}",
    "labels_url": "https://api.github.com/repos/jlatsko/cot-hibernate/labels{/name}",
    "releases_url": "https://api.github.com/repos/jlatsko/cot-hibernate/releases{/id}",
    "deployments_url": "https://api.github.com/repos/jlatsko/cot-hibernate/deployments",
    "created_at": "2017-02-25T21:11:03Z",
    "updated_at": "2017-02-25T21:15:06Z",
    "pushed_at": "2017-02-25T21:25:07Z",
    "git_url": "git://github.com/jlatsko/cot-hibernate.git",
    "ssh_url": "git@github.com:jlatsko/cot-hibernate.git",
    "clone_url": "https://github.com/jlatsko/cot-hibernate.git",
    "svn_url": "https://github.com/jlatsko/cot-hibernate",
    "homepage": null,
    "size": 20,
    "stargazers_count": 0,
    "watchers_count": 0,
    "language": "Java",
    "has_issues": true,
    "has_projects": true,
    "has_downloads": true,
    "has_wiki": true,
    "has_pages": false,
    "forks_count": 0,
    "mirror_url": null,
    "archived": false,
    "disabled": false,
    "open_issues_count": 0,
    "license": null,
    "forks": 0,
    "open_issues": 0,
    "watchers": 0,
    "default_branch": "master",
    "permissions": {
      "admin": true,
      "push": true,
      "pull": true
    }
  },
  {
    "id": 211844961,
    "node_id": "MDEwOlJlcG9zaXRvcnkyMTE4NDQ5NjE=",
    "name": "cot-rest",
    "full_name": "jlatsko/cot-rest",
    "private": false,
    "owner": {
      "login": "jlatsko",
      "id": 16815301,
      "node_id": "MDQ6VXNlcjE2ODE1MzAx",
      "avatar_url": "https://avatars2.githubusercontent.com/u/16815301?v=4",
      "gravatar_id": "",
      "url": "https://api.github.com/users/jlatsko",
      "html_url": "https://github.com/jlatsko",
      "followers_url": "https://api.github.com/users/jlatsko/followers",
      "following_url": "https://api.github.com/users/jlatsko/following{/other_user}",
      "gists_url": "https://api.github.com/users/jlatsko/gists{/gist_id}",
      "starred_url": "https://api.github.com/users/jlatsko/starred{/owner}{/repo}",
      "subscriptions_url": "https://api.github.com/users/jlatsko/subscriptions",
      "organizations_url": "https://api.github.com/users/jlatsko/orgs",
      "repos_url": "https://api.github.com/users/jlatsko/repos",
      "events_url": "https://api.github.com/users/jlatsko/events{/privacy}",
      "received_events_url": "https://api.github.com/users/jlatsko/received_events",
      "type": "User",
      "site_admin": false
    },
    "html_url": "https://github.com/jlatsko/cot-rest",
    "description": null,
    "fork": false,
    "url": "https://api.github.com/repos/jlatsko/cot-rest",
    "forks_url": "https://api.github.com/repos/jlatsko/cot-rest/forks",
    "keys_url": "https://api.github.com/repos/jlatsko/cot-rest/keys{/key_id}",
    "collaborators_url": "https://api.github.com/repos/jlatsko/cot-rest/collaborators{/collaborator}",
    "teams_url": "https://api.github.com/repos/jlatsko/cot-rest/teams",
    "hooks_url": "https://api.github.com/repos/jlatsko/cot-rest/hooks",
    "issue_events_url": "https://api.github.com/repos/jlatsko/cot-rest/issues/events{/number}",
    "events_url": "https://api.github.com/repos/jlatsko/cot-rest/events",
    "assignees_url": "https://api.github.com/repos/jlatsko/cot-rest/assignees{/user}",
    "branches_url": "https://api.github.com/repos/jlatsko/cot-rest/branches{/branch}",
    "tags_url": "https://api.github.com/repos/jlatsko/cot-rest/tags",
    "blobs_url": "https://api.github.com/repos/jlatsko/cot-rest/git/blobs{/sha}",
    "git_tags_url": "https://api.github.com/repos/jlatsko/cot-rest/git/tags{/sha}",
    "git_refs_url": "https://api.github.com/repos/jlatsko/cot-rest/git/refs{/sha}",
    "trees_url": "https://api.github.com/repos/jlatsko/cot-rest/git/trees{/sha}",
    "statuses_url": "https://api.github.com/repos/jlatsko/cot-rest/statuses/{sha}",
    "languages_url": "https://api.github.com/repos/jlatsko/cot-rest/languages",
    "stargazers_url": "https://api.github.com/repos/jlatsko/cot-rest/stargazers",
    "contributors_url": "https://api.github.com/repos/jlatsko/cot-rest/contributors",
    "subscribers_url": "https://api.github.com/repos/jlatsko/cot-rest/subscribers",
    "subscription_url": "https://api.github.com/repos/jlatsko/cot-rest/subscription",
    "commits_url": "https://api.github.com/repos/jlatsko/cot-rest/commits{/sha}",
    "git_commits_url": "https://api.github.com/repos/jlatsko/cot-rest/git/commits{/sha}",
    "comments_url": "https://api.github.com/repos/jlatsko/cot-rest/comments{/number}",
    "issue_comment_url": "https://api.github.com/repos/jlatsko/cot-rest/issues/comments{/number}",
    "contents_url": "https://api.github.com/repos/jlatsko/cot-rest/contents/{+path}",
    "compare_url": "https://api.github.com/repos/jlatsko/cot-rest/compare/{base}...{head}",
    "merges_url": "https://api.github.com/repos/jlatsko/cot-rest/merges",
    "archive_url": "https://api.github.com/repos/jlatsko/cot-rest/{archive_format}{/ref}",
    "downloads_url": "https://api.github.com/repos/jlatsko/cot-rest/downloads",
    "issues_url": "https://api.github.com/repos/jlatsko/cot-rest/issues{/number}",
    "pulls_url": "https://api.github.com/repos/jlatsko/cot-rest/pulls{/number}",
    "milestones_url": "https://api.github.com/repos/jlatsko/cot-rest/milestones{/number}",
    "notifications_url": "https://api.github.com/repos/jlatsko/cot-rest/notifications{?since,all,participating}",
    "labels_url": "https://api.github.com/repos/jlatsko/cot-rest/labels{/name}",
    "releases_url": "https://api.github.com/repos/jlatsko/cot-rest/releases{/id}",
    "deployments_url": "https://api.github.com/repos/jlatsko/cot-rest/deployments",
    "created_at": "2019-09-30T11:32:48Z",
    "updated_at": "2019-09-30T12:07:06Z",
    "pushed_at": "2019-09-30T12:07:04Z",
    "git_url": "git://github.com/jlatsko/cot-rest.git",
    "ssh_url": "git@github.com:jlatsko/cot-rest.git",
    "clone_url": "https://github.com/jlatsko/cot-rest.git",
    "svn_url": "https://github.com/jlatsko/cot-rest",
    "homepage": null,
    "size": 8,
    "stargazers_count": 0,
    "watchers_count": 0,
    "language": "Java",
    "has_issues": true,
    "has_projects": true,
    "has_downloads": true,
    "has_wiki": true,
    "has_pages": false,
    "forks_count": 0,
    "mirror_url": null,
    "archived": false,
    "disabled": false,
    "open_issues_count": 0,
    "license": null,
    "forks": 0,
    "open_issues": 0,
    "watchers": 0,
    "default_branch": "master",
    "permissions": {
      "admin": true,
      "push": true,
      "pull": true
    }
  },
  {
    "id": 77862544,
    "node_id": "MDEwOlJlcG9zaXRvcnk3Nzg2MjU0NA==",
    "name": "infratypes",
    "full_name": "jlatsko/infratypes",
    "private": false,
    "owner": {
      "login": "jlatsko",
      "id": 16815301,
      "node_id": "MDQ6VXNlcjE2ODE1MzAx",
      "avatar_url": "https://avatars2.githubusercontent.com/u/16815301?v=4",
      "gravatar_id": "",
      "url": "https://api.github.com/users/jlatsko",
      "html_url": "https://github.com/jlatsko",
      "followers_url": "https://api.github.com/users/jlatsko/followers",
      "following_url": "https://api.github.com/users/jlatsko/following{/other_user}",
      "gists_url": "https://api.github.com/users/jlatsko/gists{/gist_id}",
      "starred_url": "https://api.github.com/users/jlatsko/starred{/owner}{/repo}",
      "subscriptions_url": "https://api.github.com/users/jlatsko/subscriptions",
      "organizations_url": "https://api.github.com/users/jlatsko/orgs",
      "repos_url": "https://api.github.com/users/jlatsko/repos",
      "events_url": "https://api.github.com/users/jlatsko/events{/privacy}",
      "received_events_url": "https://api.github.com/users/jlatsko/received_events",
      "type": "User",
      "site_admin": false
    },
    "html_url": "https://github.com/jlatsko/infratypes",
    "description": "data types which occur over and over",
    "fork": false,
    "url": "https://api.github.com/repos/jlatsko/infratypes",
    "forks_url": "https://api.github.com/repos/jlatsko/infratypes/forks",
    "keys_url": "https://api.github.com/repos/jlatsko/infratypes/keys{/key_id}",
    "collaborators_url": "https://api.github.com/repos/jlatsko/infratypes/collaborators{/collaborator}",
    "teams_url": "https://api.github.com/repos/jlatsko/infratypes/teams",
    "hooks_url": "https://api.github.com/repos/jlatsko/infratypes/hooks",
    "issue_events_url": "https://api.github.com/repos/jlatsko/infratypes/issues/events{/number}",
    "events_url": "https://api.github.com/repos/jlatsko/infratypes/events",
    "assignees_url": "https://api.github.com/repos/jlatsko/infratypes/assignees{/user}",
    "branches_url": "https://api.github.com/repos/jlatsko/infratypes/branches{/branch}",
    "tags_url": "https://api.github.com/repos/jlatsko/infratypes/tags",
    "blobs_url": "https://api.github.com/repos/jlatsko/infratypes/git/blobs{/sha}",
    "git_tags_url": "https://api.github.com/repos/jlatsko/infratypes/git/tags{/sha}",
    "git_refs_url": "https://api.github.com/repos/jlatsko/infratypes/git/refs{/sha}",
    "trees_url": "https://api.github.com/repos/jlatsko/infratypes/git/trees{/sha}",
    "statuses_url": "https://api.github.com/repos/jlatsko/infratypes/statuses/{sha}",
    "languages_url": "https://api.github.com/repos/jlatsko/infratypes/languages",
    "stargazers_url": "https://api.github.com/repos/jlatsko/infratypes/stargazers",
    "contributors_url": "https://api.github.com/repos/jlatsko/infratypes/contributors",
    "subscribers_url": "https://api.github.com/repos/jlatsko/infratypes/subscribers",
    "subscription_url": "https://api.github.com/repos/jlatsko/infratypes/subscription",
    "commits_url": "https://api.github.com/repos/jlatsko/infratypes/commits{/sha}",
    "git_commits_url": "https://api.github.com/repos/jlatsko/infratypes/git/commits{/sha}",
    "comments_url": "https://api.github.com/repos/jlatsko/infratypes/comments{/number}",
    "issue_comment_url": "https://api.github.com/repos/jlatsko/infratypes/issues/comments{/number}",
    "contents_url": "https://api.github.com/repos/jlatsko/infratypes/contents/{+path}",
    "compare_url": "https://api.github.com/repos/jlatsko/infratypes/compare/{base}...{head}",
    "merges_url": "https://api.github.com/repos/jlatsko/infratypes/merges",
    "archive_url": "https://api.github.com/repos/jlatsko/infratypes/{archive_format}{/ref}",
    "downloads_url": "https://api.github.com/repos/jlatsko/infratypes/downloads",
    "issues_url": "https://api.github.com/repos/jlatsko/infratypes/issues{/number}",
    "pulls_url": "https://api.github.com/repos/jlatsko/infratypes/pulls{/number}",
    "milestones_url": "https://api.github.com/repos/jlatsko/infratypes/milestones{/number}",
    "notifications_url": "https://api.github.com/repos/jlatsko/infratypes/notifications{?since,all,participating}",
    "labels_url": "https://api.github.com/repos/jlatsko/infratypes/labels{/name}",
    "releases_url": "https://api.github.com/repos/jlatsko/infratypes/releases{/id}",
    "deployments_url": "https://api.github.com/repos/jlatsko/infratypes/deployments",
    "created_at": "2017-01-02T21:20:09Z",
    "updated_at": "2017-01-02T21:38:07Z",
    "pushed_at": "2017-01-02T21:38:06Z",
    "git_url": "git://github.com/jlatsko/infratypes.git",
    "ssh_url": "git@github.com:jlatsko/infratypes.git",
    "clone_url": "https://github.com/jlatsko/infratypes.git",
    "svn_url": "https://github.com/jlatsko/infratypes",
    "homepage": null,
    "size": 12,
    "stargazers_count": 0,
    "watchers_count": 0,
    "language": "Java",
    "has_issues": true,
    "has_projects": true,
    "has_downloads": true,
    "has_wiki": true,
    "has_pages": false,
    "forks_count": 0,
    "mirror_url": null,
    "archived": false,
    "disabled": false,
    "open_issues_count": 0,
    "license": null,
    "forks": 0,
    "open_issues": 0,
    "watchers": 0,
    "default_branch": "master",
    "permissions": {
      "admin": true,
      "push": true,
      "pull": true
    }
  },
  {
    "id": 204572010,
    "node_id": "MDEwOlJlcG9zaXRvcnkyMDQ1NzIwMTA=",
    "name": "spmia-chapter7",
    "full_name": "jlatsko/spmia-chapter7",
    "private": false,
    "owner": {
      "login": "jlatsko",
      "id": 16815301,
      "node_id": "MDQ6VXNlcjE2ODE1MzAx",
      "avatar_url": "https://avatars2.githubusercontent.com/u/16815301?v=4",
      "gravatar_id": "",
      "url": "https://api.github.com/users/jlatsko",
      "html_url": "https://github.com/jlatsko",
      "followers_url": "https://api.github.com/users/jlatsko/followers",
      "following_url": "https://api.github.com/users/jlatsko/following{/other_user}",
      "gists_url": "https://api.github.com/users/jlatsko/gists{/gist_id}",
      "starred_url": "https://api.github.com/users/jlatsko/starred{/owner}{/repo}",
      "subscriptions_url": "https://api.github.com/users/jlatsko/subscriptions",
      "organizations_url": "https://api.github.com/users/jlatsko/orgs",
      "repos_url": "https://api.github.com/users/jlatsko/repos",
      "events_url": "https://api.github.com/users/jlatsko/events{/privacy}",
      "received_events_url": "https://api.github.com/users/jlatsko/received_events",
      "type": "User",
      "site_admin": false
    },
    "html_url": "https://github.com/jlatsko/spmia-chapter7",
    "description": "Source code for chapter 7 of Spring Microservices in Action",
    "fork": true,
    "url": "https://api.github.com/repos/jlatsko/spmia-chapter7",
    "forks_url": "https://api.github.com/repos/jlatsko/spmia-chapter7/forks",
    "keys_url": "https://api.github.com/repos/jlatsko/spmia-chapter7/keys{/key_id}",
    "collaborators_url": "https://api.github.com/repos/jlatsko/spmia-chapter7/collaborators{/collaborator}",
    "teams_url": "https://api.github.com/repos/jlatsko/spmia-chapter7/teams",
    "hooks_url": "https://api.github.com/repos/jlatsko/spmia-chapter7/hooks",
    "issue_events_url": "https://api.github.com/repos/jlatsko/spmia-chapter7/issues/events{/number}",
    "events_url": "https://api.github.com/repos/jlatsko/spmia-chapter7/events",
    "assignees_url": "https://api.github.com/repos/jlatsko/spmia-chapter7/assignees{/user}",
    "branches_url": "https://api.github.com/repos/jlatsko/spmia-chapter7/branches{/branch}",
    "tags_url": "https://api.github.com/repos/jlatsko/spmia-chapter7/tags",
    "blobs_url": "https://api.github.com/repos/jlatsko/spmia-chapter7/git/blobs{/sha}",
    "git_tags_url": "https://api.github.com/repos/jlatsko/spmia-chapter7/git/tags{/sha}",
    "git_refs_url": "https://api.github.com/repos/jlatsko/spmia-chapter7/git/refs{/sha}",
    "trees_url": "https://api.github.com/repos/jlatsko/spmia-chapter7/git/trees{/sha}",
    "statuses_url": "https://api.github.com/repos/jlatsko/spmia-chapter7/statuses/{sha}",
    "languages_url": "https://api.github.com/repos/jlatsko/spmia-chapter7/languages",
    "stargazers_url": "https://api.github.com/repos/jlatsko/spmia-chapter7/stargazers",
    "contributors_url": "https://api.github.com/repos/jlatsko/spmia-chapter7/contributors",
    "subscribers_url": "https://api.github.com/repos/jlatsko/spmia-chapter7/subscribers",
    "subscription_url": "https://api.github.com/repos/jlatsko/spmia-chapter7/subscription",
    "commits_url": "https://api.github.com/repos/jlatsko/spmia-chapter7/commits{/sha}",
    "git_commits_url": "https://api.github.com/repos/jlatsko/spmia-chapter7/git/commits{/sha}",
    "comments_url": "https://api.github.com/repos/jlatsko/spmia-chapter7/comments{/number}",
    "issue_comment_url": "https://api.github.com/repos/jlatsko/spmia-chapter7/issues/comments{/number}",
    "contents_url": "https://api.github.com/repos/jlatsko/spmia-chapter7/contents/{+path}",
    "compare_url": "https://api.github.com/repos/jlatsko/spmia-chapter7/compare/{base}...{head}",
    "merges_url": "https://api.github.com/repos/jlatsko/spmia-chapter7/merges",
    "archive_url": "https://api.github.com/repos/jlatsko/spmia-chapter7/{archive_format}{/ref}",
    "downloads_url": "https://api.github.com/repos/jlatsko/spmia-chapter7/downloads",
    "issues_url": "https://api.github.com/repos/jlatsko/spmia-chapter7/issues{/number}",
    "pulls_url": "https://api.github.com/repos/jlatsko/spmia-chapter7/pulls{/number}",
    "milestones_url": "https://api.github.com/repos/jlatsko/spmia-chapter7/milestones{/number}",
    "notifications_url": "https://api.github.com/repos/jlatsko/spmia-chapter7/notifications{?since,all,participating}",
    "labels_url": "https://api.github.com/repos/jlatsko/spmia-chapter7/labels{/name}",
    "releases_url": "https://api.github.com/repos/jlatsko/spmia-chapter7/releases{/id}",
    "deployments_url": "https://api.github.com/repos/jlatsko/spmia-chapter7/deployments",
    "created_at": "2019-08-26T22:25:12Z",
    "updated_at": "2019-09-03T23:32:27Z",
    "pushed_at": "2019-09-03T23:32:25Z",
    "git_url": "git://github.com/jlatsko/spmia-chapter7.git",
    "ssh_url": "git@github.com:jlatsko/spmia-chapter7.git",
    "clone_url": "https://github.com/jlatsko/spmia-chapter7.git",
    "svn_url": "https://github.com/jlatsko/spmia-chapter7",
    "homepage": null,
    "size": 165,
    "stargazers_count": 0,
    "watchers_count": 0,
    "language": "Java",
    "has_issues": false,
    "has_projects": true,
    "has_downloads": true,
    "has_wiki": true,
    "has_pages": false,
    "forks_count": 0,
    "mirror_url": null,
    "archived": false,
    "disabled": false,
    "open_issues_count": 0,
    "license": null,
    "forks": 0,
    "open_issues": 0,
    "watchers": 0,
    "default_branch": "master",
    "permissions": {
      "admin": true,
      "push": true,
      "pull": true
    }
  },
  {
    "id": 196635211,
    "node_id": "MDEwOlJlcG9zaXRvcnkxOTY2MzUyMTE=",
    "name": "Active.Health",
    "full_name": "SirSuhayb/Active.Health",
    "private": true,
    "owner": {
      "login": "SirSuhayb",
      "id": 50843144,
      "node_id": "MDQ6VXNlcjUwODQzMTQ0",
      "avatar_url": "https://avatars1.githubusercontent.com/u/50843144?v=4",
      "gravatar_id": "",
      "url": "https://api.github.com/users/SirSuhayb",
      "html_url": "https://github.com/SirSuhayb",
      "followers_url": "https://api.github.com/users/SirSuhayb/followers",
      "following_url": "https://api.github.com/users/SirSuhayb/following{/other_user}",
      "gists_url": "https://api.github.com/users/SirSuhayb/gists{/gist_id}",
      "starred_url": "https://api.github.com/users/SirSuhayb/starred{/owner}{/repo}",
      "subscriptions_url": "https://api.github.com/users/SirSuhayb/subscriptions",
      "organizations_url": "https://api.github.com/users/SirSuhayb/orgs",
      "repos_url": "https://api.github.com/users/SirSuhayb/repos",
      "events_url": "https://api.github.com/users/SirSuhayb/events{/privacy}",
      "received_events_url": "https://api.github.com/users/SirSuhayb/received_events",
      "type": "User",
      "site_admin": false
    },
    "html_url": "https://github.com/SirSuhayb/Active.Health",
    "description": "Open-Source Blockchain ID + Wallet system for Patient Data",
    "fork": false,
    "url": "https://api.github.com/repos/SirSuhayb/Active.Health",
    "forks_url": "https://api.github.com/repos/SirSuhayb/Active.Health/forks",
    "keys_url": "https://api.github.com/repos/SirSuhayb/Active.Health/keys{/key_id}",
    "collaborators_url": "https://api.github.com/repos/SirSuhayb/Active.Health/collaborators{/collaborator}",
    "teams_url": "https://api.github.com/repos/SirSuhayb/Active.Health/teams",
    "hooks_url": "https://api.github.com/repos/SirSuhayb/Active.Health/hooks",
    "issue_events_url": "https://api.github.com/repos/SirSuhayb/Active.Health/issues/events{/number}",
    "events_url": "https://api.github.com/repos/SirSuhayb/Active.Health/events",
    "assignees_url": "https://api.github.com/repos/SirSuhayb/Active.Health/assignees{/user}",
    "branches_url": "https://api.github.com/repos/SirSuhayb/Active.Health/branches{/branch}",
    "tags_url": "https://api.github.com/repos/SirSuhayb/Active.Health/tags",
    "blobs_url": "https://api.github.com/repos/SirSuhayb/Active.Health/git/blobs{/sha}",
    "git_tags_url": "https://api.github.com/repos/SirSuhayb/Active.Health/git/tags{/sha}",
    "git_refs_url": "https://api.github.com/repos/SirSuhayb/Active.Health/git/refs{/sha}",
    "trees_url": "https://api.github.com/repos/SirSuhayb/Active.Health/git/trees{/sha}",
    "statuses_url": "https://api.github.com/repos/SirSuhayb/Active.Health/statuses/{sha}",
    "languages_url": "https://api.github.com/repos/SirSuhayb/Active.Health/languages",
    "stargazers_url": "https://api.github.com/repos/SirSuhayb/Active.Health/stargazers",
    "contributors_url": "https://api.github.com/repos/SirSuhayb/Active.Health/contributors",
    "subscribers_url": "https://api.github.com/repos/SirSuhayb/Active.Health/subscribers",
    "subscription_url": "https://api.github.com/repos/SirSuhayb/Active.Health/subscription",
    "commits_url": "https://api.github.com/repos/SirSuhayb/Active.Health/commits{/sha}",
    "git_commits_url": "https://api.github.com/repos/SirSuhayb/Active.Health/git/commits{/sha}",
    "comments_url": "https://api.github.com/repos/SirSuhayb/Active.Health/comments{/number}",
    "issue_comment_url": "https://api.github.com/repos/SirSuhayb/Active.Health/issues/comments{/number}",
    "contents_url": "https://api.github.com/repos/SirSuhayb/Active.Health/contents/{+path}",
    "compare_url": "https://api.github.com/repos/SirSuhayb/Active.Health/compare/{base}...{head}",
    "merges_url": "https://api.github.com/repos/SirSuhayb/Active.Health/merges",
    "archive_url": "https://api.github.com/repos/SirSuhayb/Active.Health/{archive_format}{/ref}",
    "downloads_url": "https://api.github.com/repos/SirSuhayb/Active.Health/downloads",
    "issues_url": "https://api.github.com/repos/SirSuhayb/Active.Health/issues{/number}",
    "pulls_url": "https://api.github.com/repos/SirSuhayb/Active.Health/pulls{/number}",
    "milestones_url": "https://api.github.com/repos/SirSuhayb/Active.Health/milestones{/number}",
    "notifications_url": "https://api.github.com/repos/SirSuhayb/Active.Health/notifications{?since,all,participating}",
    "labels_url": "https://api.github.com/repos/SirSuhayb/Active.Health/labels{/name}",
    "releases_url": "https://api.github.com/repos/SirSuhayb/Active.Health/releases{/id}",
    "deployments_url": "https://api.github.com/repos/SirSuhayb/Active.Health/deployments",
    "created_at": "2019-07-12T19:33:37Z",
    "updated_at": "2019-08-03T19:00:55Z",
    "pushed_at": "2019-07-19T16:58:20Z",
    "git_url": "git://github.com/SirSuhayb/Active.Health.git",
    "ssh_url": "git@github.com:SirSuhayb/Active.Health.git",
    "clone_url": "https://github.com/SirSuhayb/Active.Health.git",
    "svn_url": "https://github.com/SirSuhayb/Active.Health",
    "homepage": null,
    "size": 846,
    "stargazers_count": 0,
    "watchers_count": 0,
    "language": "JavaScript",
    "has_issues": true,
    "has_projects": true,
    "has_downloads": true,
    "has_wiki": false,
    "has_pages": false,
    "forks_count": 0,
    "mirror_url": null,
    "archived": false,
    "disabled": false,
    "open_issues_count": 0,
    "license": {
      "key": "mit",
      "name": "MIT License",
      "spdx_id": "MIT",
      "url": "https://api.github.com/licenses/mit",
      "node_id": "MDc6TGljZW5zZTEz"
    },
    "forks": 0,
    "open_issues": 0,
    "watchers": 0,
    "default_branch": "master",
    "permissions": {
      "admin": false,
      "push": true,
      "pull": true
    }
  }
]
